<?xml version="1.0" encoding="UTF-8"?>
<testng-results ignored="0" total="1" passed="1" failed="0" skipped="0">
  <reporter-output>
  </reporter-output>
  <suite started-at="2022-10-12T16:53:31 IST" name="Default suite" finished-at="2022-10-12T16:53:58 IST" duration-ms="26604">
    <groups>
    </groups>
    <test started-at="2022-10-12T16:53:31 IST" name="Default test" finished-at="2022-10-12T16:53:58 IST" duration-ms="26604">
      <class name="com.mystore.testcases.LoginPageTest">
        <test-method is-config="true" signature="loadConfig()[pri:0, instance:com.mystore.testcases.LoginPageTest@6e0dec4a]" started-at="2022-10-12T16:53:31 IST" name="loadConfig" finished-at="2022-10-12T16:53:31 IST" duration-ms="216" status="PASS">
          <reporter-output>
          </reporter-output>
        </test-method> <!-- loadConfig -->
        <test-method is-config="true" signature="setup()[pri:0, instance:com.mystore.testcases.LoginPageTest@6e0dec4a]" started-at="2022-10-12T16:53:31 IST" name="setup" finished-at="2022-10-12T16:53:48 IST" duration-ms="16783" status="PASS">
          <reporter-output>
          </reporter-output>
        </test-method> <!-- setup -->
        <test-method signature="loginTest()[pri:0, instance:com.mystore.testcases.LoginPageTest@6e0dec4a]" started-at="2022-10-12T16:53:48 IST" name="loginTest" finished-at="2022-10-12T16:53:57 IST" duration-ms="9413" status="PASS">
          <reporter-output>
          </reporter-output>
        </test-method> <!-- loginTest -->
        <test-method is-config="true" signature="tearDown()[pri:0, instance:com.mystore.testcases.LoginPageTest@6e0dec4a]" started-at="2022-10-12T16:53:57 IST" name="tearDown" finished-at="2022-10-12T16:53:58 IST" duration-ms="362" status="PASS">
          <reporter-output>
          </reporter-output>
        </test-method> <!-- tearDown -->
      </class> <!-- com.mystore.testcases.LoginPageTest -->
    </test> <!-- Default test -->
  </suite> <!-- Default suite -->
</testng-results>
